2023-04-09T16:05:31.866-05:00  INFO 14596 --- [restartedMain] onpe.OnpeApplication                     : Starting OnpeApplication using Java 19.0.2 with PID 14596 (C:\Users\Alexander\Documents\workspace-spring-tool-suite-4-4.17.2.RELEASE\onpe\target\classes started by Alexander in C:\Users\Alexander\Documents\workspace-spring-tool-suite-4-4.17.2.RELEASE\onpe)
2023-04-09T16:05:31.885-05:00  INFO 14596 --- [restartedMain] onpe.OnpeApplication                     : No active profile set, falling back to 1 default profile: "default"
2023-04-09T16:05:32.044-05:00  INFO 14596 --- [restartedMain] .e.DevToolsPropertyDefaultsPostProcessor : Devtools property defaults active! Set 'spring.devtools.add-properties' to 'false' to disable
2023-04-09T16:05:32.045-05:00  INFO 14596 --- [restartedMain] .e.DevToolsPropertyDefaultsPostProcessor : For additional web related logging consider setting the 'logging.level.web' property to 'DEBUG'
2023-04-09T16:05:33.279-05:00  INFO 14596 --- [restartedMain] .s.d.r.c.RepositoryConfigurationDelegate : Bootstrapping Spring Data JPA repositories in DEFAULT mode.
2023-04-09T16:05:33.356-05:00  INFO 14596 --- [restartedMain] .s.d.r.c.RepositoryConfigurationDelegate : Finished Spring Data repository scanning in 64 ms. Found 1 JPA repository interfaces.
2023-04-09T16:05:34.212-05:00  INFO 14596 --- [restartedMain] o.s.b.w.embedded.tomcat.TomcatWebServer  : Tomcat initialized with port(s): 8080 (http)
2023-04-09T16:05:34.226-05:00  INFO 14596 --- [restartedMain] o.apache.catalina.core.StandardService   : Starting service [Tomcat]
2023-04-09T16:05:34.226-05:00  INFO 14596 --- [restartedMain] o.apache.catalina.core.StandardEngine    : Starting Servlet engine: [Apache Tomcat/10.1.7]
2023-04-09T16:05:34.317-05:00  INFO 14596 --- [restartedMain] o.a.c.c.C.[Tomcat].[localhost].[/onpe]   : Initializing Spring embedded WebApplicationContext
2023-04-09T16:05:34.317-05:00  INFO 14596 --- [restartedMain] w.s.c.ServletWebServerApplicationContext : Root WebApplicationContext: initialization completed in 2269 ms
2023-04-09T16:05:34.545-05:00  INFO 14596 --- [restartedMain] com.zaxxer.hikari.HikariDataSource       : HikariPool-1 - Starting...
2023-04-09T16:05:35.080-05:00  INFO 14596 --- [restartedMain] com.zaxxer.hikari.pool.HikariPool        : HikariPool-1 - Added connection ConnectionID:1 ClientConnectionId: 2a9dd526-5151-4091-88a8-1b74b939ba75
2023-04-09T16:05:35.088-05:00  INFO 14596 --- [restartedMain] com.zaxxer.hikari.HikariDataSource       : HikariPool-1 - Start completed.
2023-04-09T16:05:35.180-05:00  INFO 14596 --- [restartedMain] o.hibernate.jpa.internal.util.LogHelper  : HHH000204: Processing PersistenceUnitInfo [name: default]
2023-04-09T16:05:35.281-05:00  INFO 14596 --- [restartedMain] org.hibernate.Version                    : HHH000412: Hibernate ORM core version 6.1.7.Final
2023-04-09T16:05:35.888-05:00  INFO 14596 --- [restartedMain] SQL dialect                              : HHH000400: Using dialect: org.hibernate.dialect.SQLServer2012Dialect
2023-04-09T16:05:35.890-05:00  WARN 14596 --- [restartedMain] org.hibernate.orm.deprecation            : HHH90000026: SQLServer2012Dialect has been deprecated; use org.hibernate.dialect.SQLServerDialect instead
2023-04-09T16:05:36.877-05:00  INFO 14596 --- [restartedMain] o.h.e.t.j.p.i.JtaPlatformInitiator       : HHH000490: Using JtaPlatform implementation: [org.hibernate.engine.transaction.jta.platform.internal.NoJtaPlatform]
2023-04-09T16:05:36.892-05:00  INFO 14596 --- [restartedMain] j.LocalContainerEntityManagerFactoryBean : Initialized JPA EntityManagerFactory for persistence unit 'default'
2023-04-09T16:05:37.423-05:00  WARN 14596 --- [restartedMain] JpaBaseConfiguration$JpaWebConfiguration : spring.jpa.open-in-view is enabled by default. Therefore, database queries may be performed during view rendering. Explicitly configure spring.jpa.open-in-view to disable this warning
2023-04-09T16:05:37.601-05:00  INFO 14596 --- [restartedMain] o.s.b.a.w.s.WelcomePageHandlerMapping    : Adding welcome page template: index
2023-04-09T16:05:37.862-05:00  INFO 14596 --- [restartedMain] o.s.b.d.a.OptionalLiveReloadServer       : LiveReload server is running on port 35729
2023-04-09T16:05:37.909-05:00  INFO 14596 --- [restartedMain] o.s.b.w.embedded.tomcat.TomcatWebServer  : Tomcat started on port(s): 8080 (http) with context path '/onpe'
2023-04-09T16:05:37.922-05:00  INFO 14596 --- [restartedMain] onpe.OnpeApplication                     : Started OnpeApplication in 6.684 seconds (process running for 7.629)
2023-04-09T16:05:48.071-05:00  INFO 14596 --- [http-nio-8080-exec-2] o.a.c.c.C.[Tomcat].[localhost].[/onpe]   : Initializing Spring DispatcherServlet 'dispatcherServlet'
2023-04-09T16:05:48.071-05:00  INFO 14596 --- [http-nio-8080-exec-2] o.s.web.servlet.DispatcherServlet        : Initializing Servlet 'dispatcherServlet'
2023-04-09T16:05:48.073-05:00  INFO 14596 --- [http-nio-8080-exec-2] o.s.web.servlet.DispatcherServlet        : Completed initialization in 2 ms
2023-04-09T16:26:08.749-05:00  INFO 14596 --- [File Watcher] rtingClassPathChangeChangedEventListener : Restarting due to 1 class path change (0 additions, 0 deletions, 1 modification)
2023-04-09T16:26:08.782-05:00  INFO 14596 --- [Thread-5] o.apache.catalina.core.StandardService   : Stopping service [Tomcat]
2023-04-09T16:26:08.786-05:00  INFO 14596 --- [Thread-5] o.a.c.c.C.[Tomcat].[localhost].[/onpe]   : Destroying Spring FrameworkServlet 'dispatcherServlet'
2023-04-09T16:26:08.797-05:00  INFO 14596 --- [Thread-5] j.LocalContainerEntityManagerFactoryBean : Closing JPA EntityManagerFactory for persistence unit 'default'
2023-04-09T16:26:08.805-05:00  INFO 14596 --- [Thread-5] com.zaxxer.hikari.HikariDataSource       : HikariPool-1 - Shutdown initiated...
2023-04-09T16:26:08.814-05:00  INFO 14596 --- [Thread-5] com.zaxxer.hikari.HikariDataSource       : HikariPool-1 - Shutdown completed.
2023-04-09T16:26:09.060-05:00  INFO 14596 --- [restartedMain] onpe.OnpeApplication                     : Starting OnpeApplication using Java 19.0.2 with PID 14596 (C:\Users\Alexander\Documents\workspace-spring-tool-suite-4-4.17.2.RELEASE\onpe\target\classes started by Alexander in C:\Users\Alexander\Documents\workspace-spring-tool-suite-4-4.17.2.RELEASE\onpe)
2023-04-09T16:26:09.061-05:00  INFO 14596 --- [restartedMain] onpe.OnpeApplication                     : No active profile set, falling back to 1 default profile: "default"
2023-04-09T16:26:09.300-05:00  INFO 14596 --- [restartedMain] .s.d.r.c.RepositoryConfigurationDelegate : Bootstrapping Spring Data JPA repositories in DEFAULT mode.
2023-04-09T16:26:09.312-05:00  INFO 14596 --- [restartedMain] .s.d.r.c.RepositoryConfigurationDelegate : Finished Spring Data repository scanning in 11 ms. Found 1 JPA repository interfaces.
2023-04-09T16:26:09.435-05:00  INFO 14596 --- [restartedMain] o.s.b.w.embedded.tomcat.TomcatWebServer  : Tomcat initialized with port(s): 8080 (http)
2023-04-09T16:26:09.436-05:00  INFO 14596 --- [restartedMain] o.apache.catalina.core.StandardService   : Starting service [Tomcat]
2023-04-09T16:26:09.436-05:00  INFO 14596 --- [restartedMain] o.apache.catalina.core.StandardEngine    : Starting Servlet engine: [Apache Tomcat/10.1.7]
2023-04-09T16:26:09.455-05:00  INFO 14596 --- [restartedMain] o.a.c.c.C.[Tomcat].[localhost].[/onpe]   : Initializing Spring embedded WebApplicationContext
2023-04-09T16:26:09.455-05:00  INFO 14596 --- [restartedMain] w.s.c.ServletWebServerApplicationContext : Root WebApplicationContext: initialization completed in 389 ms
2023-04-09T16:26:09.498-05:00  INFO 14596 --- [restartedMain] com.zaxxer.hikari.HikariDataSource       : HikariPool-2 - Starting...
2023-04-09T16:26:09.526-05:00  INFO 14596 --- [restartedMain] com.zaxxer.hikari.pool.HikariPool        : HikariPool-2 - Added connection ConnectionID:11 ClientConnectionId: ec984c96-93ec-49fa-83b0-d20c13005e4c
2023-04-09T16:26:09.526-05:00  INFO 14596 --- [restartedMain] com.zaxxer.hikari.HikariDataSource       : HikariPool-2 - Start completed.
2023-04-09T16:26:09.528-05:00  INFO 14596 --- [restartedMain] o.hibernate.jpa.internal.util.LogHelper  : HHH000204: Processing PersistenceUnitInfo [name: default]
2023-04-09T16:26:09.538-05:00  INFO 14596 --- [restartedMain] SQL dialect                              : HHH000400: Using dialect: org.hibernate.dialect.SQLServer2012Dialect
2023-04-09T16:26:09.538-05:00  WARN 14596 --- [restartedMain] org.hibernate.orm.deprecation            : HHH90000026: SQLServer2012Dialect has been deprecated; use org.hibernate.dialect.SQLServerDialect instead
2023-04-09T16:26:09.587-05:00  INFO 14596 --- [restartedMain] o.h.e.t.j.p.i.JtaPlatformInitiator       : HHH000490: Using JtaPlatform implementation: [org.hibernate.engine.transaction.jta.platform.internal.NoJtaPlatform]
2023-04-09T16:26:09.587-05:00  INFO 14596 --- [restartedMain] j.LocalContainerEntityManagerFactoryBean : Initialized JPA EntityManagerFactory for persistence unit 'default'
2023-04-09T16:26:09.728-05:00  WARN 14596 --- [restartedMain] JpaBaseConfiguration$JpaWebConfiguration : spring.jpa.open-in-view is enabled by default. Therefore, database queries may be performed during view rendering. Explicitly configure spring.jpa.open-in-view to disable this warning
2023-04-09T16:26:09.790-05:00  INFO 14596 --- [restartedMain] o.s.b.a.w.s.WelcomePageHandlerMapping    : Adding welcome page template: index
2023-04-09T16:26:09.874-05:00  INFO 14596 --- [restartedMain] o.s.b.d.a.OptionalLiveReloadServer       : LiveReload server is running on port 35729
2023-04-09T16:26:09.889-05:00  INFO 14596 --- [restartedMain] o.s.b.w.embedded.tomcat.TomcatWebServer  : Tomcat started on port(s): 8080 (http) with context path '/onpe'
2023-04-09T16:26:09.900-05:00  INFO 14596 --- [restartedMain] onpe.OnpeApplication                     : Started OnpeApplication in 0.988 seconds (process running for 1239.607)
2023-04-09T16:26:09.907-05:00  INFO 14596 --- [restartedMain] .ConditionEvaluationDeltaLoggingListener : Condition evaluation unchanged
2023-04-09T16:26:13.932-05:00  INFO 14596 --- [http-nio-8080-exec-1] o.a.c.c.C.[Tomcat].[localhost].[/onpe]   : Initializing Spring DispatcherServlet 'dispatcherServlet'
2023-04-09T16:26:13.933-05:00  INFO 14596 --- [http-nio-8080-exec-1] o.s.web.servlet.DispatcherServlet        : Initializing Servlet 'dispatcherServlet'
2023-04-09T16:26:13.934-05:00  INFO 14596 --- [http-nio-8080-exec-1] o.s.web.servlet.DispatcherServlet        : Completed initialization in 1 ms
2023-04-09T16:33:14.492-05:00  INFO 14596 --- [RMI TCP Connection(41)-127.0.0.1] inMXBeanRegistrar$SpringApplicationAdmin : Application shutdown requested.
2023-04-09T16:33:14.519-05:00  INFO 14596 --- [RMI TCP Connection(41)-127.0.0.1] o.apache.catalina.core.StandardService   : Stopping service [Tomcat]
2023-04-09T16:33:14.519-05:00  INFO 14596 --- [RMI TCP Connection(41)-127.0.0.1] o.a.c.c.C.[Tomcat].[localhost].[/onpe]   : Destroying Spring FrameworkServlet 'dispatcherServlet'
2023-04-09T16:33:14.526-05:00  INFO 14596 --- [RMI TCP Connection(41)-127.0.0.1] j.LocalContainerEntityManagerFactoryBean : Closing JPA EntityManagerFactory for persistence unit 'default'
2023-04-09T16:33:14.527-05:00  INFO 14596 --- [RMI TCP Connection(41)-127.0.0.1] com.zaxxer.hikari.HikariDataSource       : HikariPool-2 - Shutdown initiated...
2023-04-09T16:33:14.533-05:00  INFO 14596 --- [RMI TCP Connection(41)-127.0.0.1] com.zaxxer.hikari.HikariDataSource       : HikariPool-2 - Shutdown completed.
